[debug] [2024-12-31T08:16:01.111Z] ----------------------------------------------------------------------
[debug] [2024-12-31T08:16:01.113Z] Command:       C:\Program Files\nodejs\node.exe C:\Users\Ezra\AppData\Roaming\npm\node_modules\firebase-tools\lib\bin\firebase.js init
[debug] [2024-12-31T08:16:01.113Z] CLI Version:   13.29.1
[debug] [2024-12-31T08:16:01.113Z] Platform:      win32
[debug] [2024-12-31T08:16:01.113Z] Node Version:  v22.11.0
[debug] [2024-12-31T08:16:01.113Z] Time:          Tue Dec 31 2024 16:16:01 GMT+0800 (Malaysia Time)
[debug] [2024-12-31T08:16:01.113Z] ----------------------------------------------------------------------
[debug] 
[debug] [2024-12-31T08:16:01.119Z] > command requires scopes: ["email","openid","https://www.googleapis.com/auth/cloudplatformprojects.readonly","https://www.googleapis.com/auth/firebase","https://www.googleapis.com/auth/cloud-platform"]
[debug] [2024-12-31T08:16:01.120Z] > authorizing via signed-in user (ezradagang@gmail.com)
[info] 
     ######## #### ########  ######## ########     ###     ######  ########
     ##        ##  ##     ## ##       ##     ##  ##   ##  ##       ##
     ######    ##  ########  ######   ########  #########  ######  ######
     ##        ##  ##    ##  ##       ##     ## ##     ##       ## ##
     ##       #### ##     ## ######## ########  ##     ##  ######  ########

You're about to initialize a Firebase project in this directory:

  C:\Users\Ezra\AndroidStudioProjects\Aura

[info] 
=== Project Setup
[info] 
[info] First, let's associate this project directory with a Firebase project.
[info] You can create multiple project aliases by running firebase use --add, 
[info] but for now we'll just set up a default project.
[info] 
[debug] [2024-12-31T08:17:06.514Z] Checked if tokens are valid: true, expires at: 1735635662163
[debug] [2024-12-31T08:17:06.515Z] Checked if tokens are valid: true, expires at: 1735635662163
[debug] [2024-12-31T08:17:06.517Z] >>> [apiv2][query] GET https://firebase.googleapis.com/v1beta1/projects pageSize=100
[debug] [2024-12-31T08:17:13.410Z] <<< [apiv2][status] GET https://firebase.googleapis.com/v1beta1/projects 200
[debug] [2024-12-31T08:17:13.410Z] <<< [apiv2][body] GET https://firebase.googleapis.com/v1beta1/projects [omitted]
[info] i  Using project aura-a5cf9 (Aura) 
[info] 
=== Firestore Setup
[debug] [2024-12-31T08:17:17.963Z] Checked if tokens are valid: true, expires at: 1735635662163
[debug] [2024-12-31T08:17:17.963Z] Checked if tokens are valid: true, expires at: 1735635662163
[debug] [2024-12-31T08:17:17.963Z] >>> [apiv2][query] GET https://serviceusage.googleapis.com/v1/projects/aura-a5cf9/services/firestore.googleapis.com [none]
[debug] [2024-12-31T08:17:17.963Z] >>> [apiv2][(partial)header] GET https://serviceusage.googleapis.com/v1/projects/aura-a5cf9/services/firestore.googleapis.com x-goog-quota-user=projects/aura-a5cf9
[debug] [2024-12-31T08:17:19.475Z] <<< [apiv2][status] GET https://serviceusage.googleapis.com/v1/projects/aura-a5cf9/services/firestore.googleapis.com 200
[debug] [2024-12-31T08:17:19.475Z] <<< [apiv2][body] GET https://serviceusage.googleapis.com/v1/projects/aura-a5cf9/services/firestore.googleapis.com [omitted]
[debug] [2024-12-31T08:17:19.475Z] Checked if tokens are valid: true, expires at: 1735635662163
[debug] [2024-12-31T08:17:19.475Z] Checked if tokens are valid: true, expires at: 1735635662163
[debug] [2024-12-31T08:17:19.475Z] >>> [apiv2][query] GET https://firestore.googleapis.com/v1/projects/aura-a5cf9/databases/(default) [none]
[debug] [2024-12-31T08:17:19.748Z] <<< [apiv2][status] GET https://firestore.googleapis.com/v1/projects/aura-a5cf9/databases/(default) 404
[debug] [2024-12-31T08:17:19.748Z] <<< [apiv2][body] GET https://firestore.googleapis.com/v1/projects/aura-a5cf9/databases/(default) {"error":{"code":404,"message":"Project 'aura-a5cf9' or database '(default)' does not exist.","status":"NOT_FOUND"}}
[debug] [2024-12-31T08:17:19.749Z] error getting database type:  Request to https://firestore.googleapis.com/v1/projects/aura-a5cf9/databases/(default) had HTTP Error: 404, Project 'aura-a5cf9' or database '(default)' does not exist. {"name":"FirebaseError","children":[],"context":{"body":{"error":{"code":404,"message":"Project 'aura-a5cf9' or database '(default)' does not exist.","status":"NOT_FOUND"}},"response":{"statusCode":404}},"exit":1,"message":"Request to https://firestore.googleapis.com/v1/projects/aura-a5cf9/databases/(default) had HTTP Error: 404, Project 'aura-a5cf9' or database '(default)' does not exist.","status":404}
[info] (default) does not exist in project aura-a5cf9.
[debug] [2024-12-31T08:17:19.750Z] database_type: DATABASE_DOES_NOT_EXIST
